Build started 22.1.2012 14:16:27.
     1>Project "C:\Dropbox\Peliohjelmointi\check-mate\Chess\Chess.vcxproj" on node 2 (build target(s)).
     1>InitializeBuildStatus:
         Creating "Debug\Chess.unsuccessfulbuild" because "AlwaysCreate" was specified.
       ClCompile:
         All outputs are up-to-date.
         C:\Program Files (x86)\Microsoft Visual Studio 10.0\VC\bin\CL.exe /c /ZI /nologo /W3 /WX- /Od /Oy- /D WIN32 /D _DEBUG /D _CONSOLE /D _UNICODE /D UNICODE /Gm /EHsc /RTC1 /MDd /GS /fp:precise /Zc:wchar_t /Zc:forScope /Yu"StdAfx.h" /Fp"Debug\Chess.pch" /Fo"Debug\\" /Fd"Debug\vc100.pdb" /Gd /TP /analyze- /errorReport:prompt Move.cpp Piece.cpp
         Skipping... (no relevant changes detected)
         Piece.cpp
         Move.cpp
       ManifestResourceCompile:
         All outputs are up-to-date.
       Link:
         C:\Program Files (x86)\Microsoft Visual Studio 10.0\VC\bin\link.exe /ERRORREPORT:PROMPT /OUT:"C:\Dropbox\Peliohjelmointi\check-mate\Debug\Chess.exe" /INCREMENTAL /NOLOGO kernel32.lib user32.lib gdi32.lib winspool.lib comdlg32.lib advapi32.lib shell32.lib ole32.lib oleaut32.lib uuid.lib odbc32.lib odbccp32.lib /MANIFEST /ManifestFile:"Debug\Chess.exe.intermediate.manifest" /MANIFESTUAC:"level='asInvoker' uiAccess='false'" /DEBUG /PDB:"C:\Dropbox\Peliohjelmointi\check-mate\Debug\Chess.pdb" /SUBSYSTEM:CONSOLE /TLBID:1 /DYNAMICBASE /NXCOMPAT /IMPLIB:"C:\Dropbox\Peliohjelmointi\check-mate\Debug\Chess.lib" /MACHINE:X86 Debug\Chess.exe.embed.manifest.res
         Debug\Board.obj
         Debug\Chess.obj
         Debug\Move.obj
         Debug\Piece.obj
         Debug\stdafx.obj
       Manifest:
         C:\Program Files (x86)\Microsoft SDKs\Windows\v7.0A\bin\mt.exe /nologo /verbose /out:"Debug\Chess.exe.embed.manifest" /manifest Debug\Chess.exe.intermediate.manifest
         All outputs are up-to-date.
       LinkEmbedManifest:
         All outputs are up-to-date.
         Chess.vcxproj -> C:\Dropbox\Peliohjelmointi\check-mate\Debug\Chess.exe
       FinalizeBuildStatus:
         Deleting file "Debug\Chess.unsuccessfulbuild".
         Touching "Debug\Chess.lastbuildstate".
     1>Done Building Project "C:\Dropbox\Peliohjelmointi\check-mate\Chess\Chess.vcxproj" (build target(s)).

Build succeeded.

Time Elapsed 00:00:00.14
